c:\users\dburchill\source\repos\mspacman\gexgame\x64\debug\vc142.pdb
c:\users\dburchill\source\repos\mspacman\gexgame\x64\debug\vc142.idb
c:\users\dburchill\source\repos\mspacman\gexgame\x64\debug\titlestate.obj
c:\users\dburchill\source\repos\mspacman\gexgame\x64\debug\textnode.obj
c:\users\dburchill\source\repos\mspacman\gexgame\x64\debug\statestack.obj
c:\users\dburchill\source\repos\mspacman\gexgame\x64\debug\state.obj
c:\users\dburchill\source\repos\mspacman\gexgame\x64\debug\spritenode.obj
c:\users\dburchill\source\repos\mspacman\gexgame\x64\debug\source.obj
c:\users\dburchill\source\repos\mspacman\gexgame\x64\debug\scenenode.obj
c:\users\dburchill\source\repos\mspacman\gexgame\x64\debug\projectile.obj
c:\users\dburchill\source\repos\mspacman\gexgame\x64\debug\playercontrol.obj
c:\users\dburchill\source\repos\mspacman\gexgame\x64\debug\pickup.obj
c:\users\dburchill\source\repos\mspacman\gexgame\x64\debug\pausestate.obj
c:\users\dburchill\source\repos\mspacman\gexgame\x64\debug\pacman.obj
c:\users\dburchill\source\repos\mspacman\gexgame\x64\debug\menustate.obj
c:\users\dburchill\source\repos\mspacman\gexgame\x64\debug\gamestate.obj
c:\users\dburchill\source\repos\mspacman\gexgame\x64\debug\entity.obj
c:\users\dburchill\source\repos\mspacman\gexgame\x64\debug\datatables.obj
c:\users\dburchill\source\repos\mspacman\gexgame\x64\debug\commandqueue.obj
c:\users\dburchill\source\repos\mspacman\gexgame\x64\debug\command.obj
c:\users\dburchill\source\repos\mspacman\gexgame\x64\debug\application.obj
c:\users\dburchill\source\repos\mspacman\gexgame\x64\debug\aircraft.obj
c:\users\dburchill\source\repos\mspacman\gexgame\x64\debug\world.obj
c:\users\dburchill\source\repos\mspacman\gexgame\x64\debug\utility.obj
c:\users\dburchill\source\repos\mspacman\gexgame\x64\debug\cherry.obj
c:\users\dburchill\source\repos\mspacman\x64\debug\gexgame.exe
c:\users\dburchill\source\repos\mspacman\gexgame\x64\debug\gexgame.ilk
c:\users\dburchill\source\repos\mspacman\x64\debug\gexgame.pdb
c:\users\dburchill\source\repos\mspacman\gexgame\x64\debug\gexgame.tlog\cl.command.1.tlog
c:\users\dburchill\source\repos\mspacman\gexgame\x64\debug\gexgame.tlog\cl.read.1.tlog
c:\users\dburchill\source\repos\mspacman\gexgame\x64\debug\gexgame.tlog\cl.write.1.tlog
c:\users\dburchill\source\repos\mspacman\gexgame\x64\debug\gexgame.tlog\link.command.1.tlog
c:\users\dburchill\source\repos\mspacman\gexgame\x64\debug\gexgame.tlog\link.read.1.tlog
c:\users\dburchill\source\repos\mspacman\gexgame\x64\debug\gexgame.tlog\link.write.1.tlog
