  Game.cpp
D:\NBCC\Winter 2022\GEX Final Game Project\GEX_Project\SpaceShooters\SpaceShooters\Enemy.h(44,49): warning C4244: 'return': conversion from 'const float' to 'const int', possible loss of data
D:\NBCC\Winter 2022\GEX Final Game Project\GEX_Project\SpaceShooters\SpaceShooters\Enemy.h(62,14): warning C4244: 'return': conversion from 'double' to 'float', possible loss of data
D:\NBCC\Winter 2022\GEX Final Game Project\GEX_Project\SpaceShooters\SpaceShooters\Game.cpp(144,7): warning C4267: 'argument': conversion from 'size_t' to 'int', possible loss of data
D:\NBCC\Winter 2022\GEX Final Game Project\GEX_Project\SpaceShooters\SpaceShooters\Game.cpp(148,20): warning C4267: 'argument': conversion from 'size_t' to 'int', possible loss of data
D:\NBCC\Winter 2022\GEX Final Game Project\GEX_Project\SpaceShooters\SpaceShooters\Game.cpp(152,43): warning C4267: 'argument': conversion from 'size_t' to 'int', possible loss of data
D:\NBCC\Winter 2022\GEX Final Game Project\GEX_Project\SpaceShooters\SpaceShooters\Game.cpp(154,21): warning C4267: 'argument': conversion from 'size_t' to 'int', possible loss of data
D:\NBCC\Winter 2022\GEX Final Game Project\GEX_Project\SpaceShooters\SpaceShooters\Game.cpp(154,35): warning C4267: 'argument': conversion from 'size_t' to 'unsigned int', possible loss of data
D:\NBCC\Winter 2022\GEX Final Game Project\GEX_Project\SpaceShooters\SpaceShooters\Game.cpp(159,10): warning C4267: 'argument': conversion from 'size_t' to 'int', possible loss of data
D:\NBCC\Winter 2022\GEX Final Game Project\GEX_Project\SpaceShooters\SpaceShooters\Game.cpp(159,10): warning C4267: 'argument': conversion from 'size_t' to 'unsigned int', possible loss of data
D:\NBCC\Winter 2022\GEX Final Game Project\GEX_Project\SpaceShooters\SpaceShooters\Game.cpp(162,23): warning C4267: 'argument': conversion from 'size_t' to 'int', possible loss of data
D:\NBCC\Winter 2022\GEX Final Game Project\GEX_Project\SpaceShooters\SpaceShooters\Game.cpp(162,39): warning C4267: 'argument': conversion from 'size_t' to 'unsigned int', possible loss of data
D:\NBCC\Winter 2022\GEX Final Game Project\GEX_Project\SpaceShooters\SpaceShooters\Game.cpp(166,36): warning C4267: 'argument': conversion from 'size_t' to 'int', possible loss of data
D:\NBCC\Winter 2022\GEX Final Game Project\GEX_Project\SpaceShooters\SpaceShooters\Game.cpp(167,11): warning C4267: 'argument': conversion from 'size_t' to 'int', possible loss of data
D:\NBCC\Winter 2022\GEX Final Game Project\GEX_Project\SpaceShooters\SpaceShooters\Game.cpp(169,24): warning C4267: 'argument': conversion from 'size_t' to 'int', possible loss of data
D:\NBCC\Winter 2022\GEX Final Game Project\GEX_Project\SpaceShooters\SpaceShooters\Game.cpp(178,27): warning C4267: 'argument': conversion from 'size_t' to 'int', possible loss of data
D:\NBCC\Winter 2022\GEX Final Game Project\GEX_Project\SpaceShooters\SpaceShooters\Game.cpp(179,27): warning C4267: 'argument': conversion from 'size_t' to 'int', possible loss of data
D:\NBCC\Winter 2022\GEX Final Game Project\GEX_Project\SpaceShooters\SpaceShooters\Game.cpp(187,11): warning C4267: 'argument': conversion from 'size_t' to 'int', possible loss of data
D:\NBCC\Winter 2022\GEX Final Game Project\GEX_Project\SpaceShooters\SpaceShooters\Game.cpp(190,36): warning C4267: 'argument': conversion from 'size_t' to 'int', possible loss of data
D:\NBCC\Winter 2022\GEX Final Game Project\GEX_Project\SpaceShooters\SpaceShooters\Game.cpp(191,24): warning C4267: 'argument': conversion from 'size_t' to 'int', possible loss of data
D:\NBCC\Winter 2022\GEX Final Game Project\GEX_Project\SpaceShooters\SpaceShooters\Game.cpp(200,27): warning C4267: 'argument': conversion from 'size_t' to 'int', possible loss of data
D:\NBCC\Winter 2022\GEX Final Game Project\GEX_Project\SpaceShooters\SpaceShooters\Game.cpp(211,26): warning C4267: 'argument': conversion from 'size_t' to 'int', possible loss of data
D:\NBCC\Winter 2022\GEX Final Game Project\GEX_Project\SpaceShooters\SpaceShooters\Game.cpp(218,31): warning C4267: 'argument': conversion from 'size_t' to 'int', possible loss of data
D:\NBCC\Winter 2022\GEX Final Game Project\GEX_Project\SpaceShooters\SpaceShooters\Game.cpp(225,9): warning C4267: 'argument': conversion from 'size_t' to 'int', possible loss of data
D:\NBCC\Winter 2022\GEX Final Game Project\GEX_Project\SpaceShooters\SpaceShooters\Game.cpp(225,9): warning C4267: 'argument': conversion from 'size_t' to 'unsigned int', possible loss of data
D:\NBCC\Winter 2022\GEX Final Game Project\GEX_Project\SpaceShooters\SpaceShooters\Game.cpp(227,22): warning C4267: 'argument': conversion from 'size_t' to 'int', possible loss of data
D:\NBCC\Winter 2022\GEX Final Game Project\GEX_Project\SpaceShooters\SpaceShooters\Game.cpp(227,38): warning C4267: 'argument': conversion from 'size_t' to 'unsigned int', possible loss of data
D:\NBCC\Winter 2022\GEX Final Game Project\GEX_Project\SpaceShooters\SpaceShooters\Game.cpp(234,28): warning C4267: 'argument': conversion from 'size_t' to 'int', possible loss of data
D:\NBCC\Winter 2022\GEX Final Game Project\GEX_Project\SpaceShooters\SpaceShooters\Game.cpp(242,19): warning C4267: 'argument': conversion from 'size_t' to 'int', possible loss of data
D:\NBCC\Winter 2022\GEX Final Game Project\GEX_Project\SpaceShooters\SpaceShooters\Game.cpp(242,61): warning C4267: 'argument': conversion from 'size_t' to 'int', possible loss of data
D:\NBCC\Winter 2022\GEX Final Game Project\GEX_Project\SpaceShooters\SpaceShooters\Game.cpp(246,8): warning C4267: 'argument': conversion from 'size_t' to 'int', possible loss of data
D:\NBCC\Winter 2022\GEX Final Game Project\GEX_Project\SpaceShooters\SpaceShooters\Game.cpp(248,9): warning C4267: 'argument': conversion from 'size_t' to 'int', possible loss of data
D:\NBCC\Winter 2022\GEX Final Game Project\GEX_Project\SpaceShooters\SpaceShooters\Game.cpp(250,35): warning C4267: 'argument': conversion from 'size_t' to 'int', possible loss of data
D:\NBCC\Winter 2022\GEX Final Game Project\GEX_Project\SpaceShooters\SpaceShooters\Game.cpp(251,22): warning C4267: 'argument': conversion from 'size_t' to 'int', possible loss of data
D:\NBCC\Winter 2022\GEX Final Game Project\GEX_Project\SpaceShooters\SpaceShooters\Game.cpp(260,25): warning C4267: 'argument': conversion from 'size_t' to 'int', possible loss of data
D:\NBCC\Winter 2022\GEX Final Game Project\GEX_Project\SpaceShooters\SpaceShooters\Game.cpp(265,10): warning C4267: 'argument': conversion from 'size_t' to 'int', possible loss of data
D:\NBCC\Winter 2022\GEX Final Game Project\GEX_Project\SpaceShooters\SpaceShooters\Game.cpp(274,26): warning C4267: 'argument': conversion from 'size_t' to 'int', possible loss of data
D:\NBCC\Winter 2022\GEX Final Game Project\GEX_Project\SpaceShooters\SpaceShooters\Game.cpp(281,29): warning C4267: 'argument': conversion from 'size_t' to 'int', possible loss of data
D:\NBCC\Winter 2022\GEX Final Game Project\GEX_Project\SpaceShooters\SpaceShooters\Game.cpp(288,7): warning C4267: 'argument': conversion from 'size_t' to 'int', possible loss of data
D:\NBCC\Winter 2022\GEX Final Game Project\GEX_Project\SpaceShooters\SpaceShooters\Game.cpp(290,27): warning C4267: 'argument': conversion from 'size_t' to 'int', possible loss of data
D:\NBCC\Winter 2022\GEX Final Game Project\GEX_Project\SpaceShooters\SpaceShooters\Game.cpp(297,20): warning C4267: 'argument': conversion from 'size_t' to 'int', possible loss of data
D:\NBCC\Winter 2022\GEX Final Game Project\GEX_Project\SpaceShooters\SpaceShooters\Game.cpp(299,7): warning C4267: 'argument': conversion from 'size_t' to 'int', possible loss of data
D:\NBCC\Winter 2022\GEX Final Game Project\GEX_Project\SpaceShooters\SpaceShooters\Game.cpp(301,28): warning C4267: 'argument': conversion from 'size_t' to 'int', possible loss of data
D:\NBCC\Winter 2022\GEX Final Game Project\GEX_Project\SpaceShooters\SpaceShooters\Game.cpp(309,19): warning C4267: 'argument': conversion from 'size_t' to 'int', possible loss of data
D:\NBCC\Winter 2022\GEX Final Game Project\GEX_Project\SpaceShooters\SpaceShooters\Game.cpp(313,8): warning C4267: 'argument': conversion from 'size_t' to 'int', possible loss of data
D:\NBCC\Winter 2022\GEX Final Game Project\GEX_Project\SpaceShooters\SpaceShooters\Game.cpp(315,13): warning C4267: 'argument': conversion from 'size_t' to 'int', possible loss of data
D:\NBCC\Winter 2022\GEX Final Game Project\GEX_Project\SpaceShooters\SpaceShooters\Game.cpp(318,22): warning C4267: 'argument': conversion from 'size_t' to 'int', possible loss of data
D:\NBCC\Winter 2022\GEX Final Game Project\GEX_Project\SpaceShooters\SpaceShooters\Game.cpp(318,46): warning C4267: 'argument': conversion from 'size_t' to 'int', possible loss of data
D:\NBCC\Winter 2022\GEX Final Game Project\GEX_Project\SpaceShooters\SpaceShooters\Game.cpp(322,22): warning C4267: 'argument': conversion from 'size_t' to 'int', possible loss of data
D:\NBCC\Winter 2022\GEX Final Game Project\GEX_Project\SpaceShooters\SpaceShooters\Game.cpp(326,22): warning C4267: 'argument': conversion from 'size_t' to 'int', possible loss of data
D:\NBCC\Winter 2022\GEX Final Game Project\GEX_Project\SpaceShooters\SpaceShooters\Game.cpp(331,10): warning C4267: 'argument': conversion from 'size_t' to 'int', possible loss of data
D:\NBCC\Winter 2022\GEX Final Game Project\GEX_Project\SpaceShooters\SpaceShooters\Game.cpp(333,23): warning C4267: 'argument': conversion from 'size_t' to 'int', possible loss of data
D:\NBCC\Winter 2022\GEX Final Game Project\GEX_Project\SpaceShooters\SpaceShooters\Game.cpp(338,28): warning C4267: 'argument': conversion from 'size_t' to 'int', possible loss of data
D:\NBCC\Winter 2022\GEX Final Game Project\GEX_Project\SpaceShooters\SpaceShooters\Game.cpp(341,8): warning C4267: 'argument': conversion from 'size_t' to 'int', possible loss of data
D:\NBCC\Winter 2022\GEX Final Game Project\GEX_Project\SpaceShooters\SpaceShooters\Game.cpp(343,28): warning C4267: 'argument': conversion from 'size_t' to 'int', possible loss of data
D:\NBCC\Winter 2022\GEX Final Game Project\GEX_Project\SpaceShooters\SpaceShooters\Game.cpp(353,12): warning C4018: '>=': signed/unsigned mismatch
D:\NBCC\Winter 2022\GEX Final Game Project\GEX_Project\SpaceShooters\SpaceShooters\Game.cpp(385,18): warning C4267: 'argument': conversion from 'size_t' to 'int', possible loss of data
D:\NBCC\Winter 2022\GEX Final Game Project\GEX_Project\SpaceShooters\SpaceShooters\Game.cpp(388,24): warning C4267: 'argument': conversion from 'size_t' to 'int', possible loss of data
D:\NBCC\Winter 2022\GEX Final Game Project\GEX_Project\SpaceShooters\SpaceShooters\Game.cpp(395,6): warning C4267: 'argument': conversion from 'size_t' to 'int', possible loss of data
D:\NBCC\Winter 2022\GEX Final Game Project\GEX_Project\SpaceShooters\SpaceShooters\Game.cpp(397,13): warning C4267: 'argument': conversion from 'size_t' to 'int', possible loss of data
D:\NBCC\Winter 2022\GEX Final Game Project\GEX_Project\SpaceShooters\SpaceShooters\Game.cpp(399,26): warning C4267: 'argument': conversion from 'size_t' to 'int', possible loss of data
D:\NBCC\Winter 2022\GEX Final Game Project\GEX_Project\SpaceShooters\SpaceShooters\Game.cpp(409,18): warning C4267: 'argument': conversion from 'size_t' to 'int', possible loss of data
D:\NBCC\Winter 2022\GEX Final Game Project\GEX_Project\SpaceShooters\SpaceShooters\Game.cpp(464,19): warning C4267: 'argument': conversion from 'size_t' to 'int', possible loss of data
D:\NBCC\Winter 2022\GEX Final Game Project\GEX_Project\SpaceShooters\SpaceShooters\Game.cpp(476,20): warning C4267: 'argument': conversion from 'size_t' to 'int', possible loss of data
D:\NBCC\Winter 2022\GEX Final Game Project\GEX_Project\SpaceShooters\SpaceShooters\dArr.h(68,25): warning C4018: '>=': signed/unsigned mismatch
D:\NBCC\Winter 2022\GEX Final Game Project\GEX_Project\SpaceShooters\SpaceShooters\dArr.h(67): message : while compiling class template member function 'T &dArr<T>::operator [](int)'
          with
          [
              T=Player
          ]
D:\NBCC\Winter 2022\GEX Final Game Project\GEX_Project\SpaceShooters\SpaceShooters\Game.cpp(144): message : see reference to function template instantiation 'T &dArr<T>::operator [](int)' being compiled
          with
          [
              T=Player
          ]
D:\NBCC\Winter 2022\GEX Final Game Project\GEX_Project\SpaceShooters\SpaceShooters\Game.h(40): message : see reference to class template instantiation 'dArr<Player>' being compiled
D:\NBCC\Winter 2022\GEX Final Game Project\GEX_Project\SpaceShooters\SpaceShooters\dArr.h(135,25): warning C4018: '>=': signed/unsigned mismatch
D:\NBCC\Winter 2022\GEX Final Game Project\GEX_Project\SpaceShooters\SpaceShooters\dArr.h(134): message : while compiling class template member function 'void dArr<TextTag>::remove(int)'
D:\NBCC\Winter 2022\GEX Final Game Project\GEX_Project\SpaceShooters\SpaceShooters\Game.cpp(301): message : see reference to function template instantiation 'void dArr<TextTag>::remove(int)' being compiled
  SpaceShooters.vcxproj -> D:\NBCC\Winter 2022\GEX Final Game Project\GEX_Project\SpaceShooters\x64\Debug\SpaceShooters.exe
